
Showing logs for build [32mcb-kubecd-bdd-ghfjxy-import-158-ldhw2-1[0m stage [32mrun-make[0m and container [32mstep-credential-initializer-rd6b7[0m
{"level":"warn","ts":1582824061.1804752,"logger":"fallback-logger","caller":"logging/config.go:69","msg":"Fetch GitHub commit ID from kodata failed: \"ref: refs/heads/0.8.0-**-support-backwards-incompats\" is not a valid GitHub commit ID"}
{"level":"info","ts":1582824061.1812463,"logger":"fallback-logger","caller":"creds-init/main.go:40","msg":"Credentials initialized."}

Showing logs for build [32mcb-kubecd-bdd-ghfjxy-import-158-ldhw2-1[0m stage [32mrun-make[0m and container [32mstep-working-dir-initializer-5g8xq[0m
{"level":"warn","ts":1582824062.8142912,"logger":"fallback-logger","caller":"logging/config.go:69","msg":"Fetch GitHub commit ID from kodata failed: open /var/run/ko/HEAD: no such file or directory"}
{"level":"info","ts":1582824062.8190963,"logger":"fallback-logger","caller":"bash/main.go:64","msg":"Successfully executed command \"sh -c mkdir -p /workspace/source\"; output "}

Showing logs for build [32mcb-kubecd-bdd-ghfjxy-import-158-ldhw2-1[0m stage [32mrun-make[0m and container [32mstep-place-tools[0m

Showing logs for build [32mcb-kubecd-bdd-ghfjxy-import-158-ldhw2-1[0m stage [32mrun-make[0m and container [32mstep-create-dir-workspace-fwtb7[0m
{"level":"warn","ts":1582824070.0097542,"logger":"fallback-logger","caller":"logging/config.go:69","msg":"Fetch GitHub commit ID from kodata failed: open /var/run/ko/HEAD: no such file or directory"}
{"level":"info","ts":1582824070.0174546,"logger":"fallback-logger","caller":"bash/main.go:64","msg":"Successfully executed command \"sh -c mkdir -p source\"; output "}

Showing logs for build [32mcb-kubecd-bdd-ghfjxy-import-158-ldhw2-1[0m stage [32mrun-make[0m and container [32mstep-git-source-cb-kubecd-bdd-ghfjxy-import-158-ldhw2-8l9ww[0m
{"level":"warn","ts":1582824070.5168915,"logger":"fallback-logger","caller":"logging/config.go:69","msg":"Fetch GitHub commit ID from kodata failed: \"ref: refs/heads/0.8.0-**-support-backwards-incompats\" is not a valid GitHub commit ID"}
{"level":"info","ts":1582824071.5892777,"logger":"fallback-logger","caller":"git/git.go:103","msg":"Successfully cloned https://github.com/cb-kubecd/bdd-ghf**y-import-1582823982.git @ v0.0.1 in path /workspace/source"}

Showing logs for build [32mcb-kubecd-bdd-ghfjxy-import-158-ldhw2-1[0m stage [32mrun-make[0m and container [32mstep-git-merge[0m
Using SHAs from PULL_REFS=master:96d153c1f4868764920c63d2b2012cd341db01dd
WARNING: no SHAs to merge, falling back to initial cloned commit

Showing logs for build [32mcb-kubecd-bdd-ghfjxy-import-158-ldhw2-1[0m stage [32mrun-make[0m and container [32mstep-setup-jx-git-credentials[0m
Generated Git credentials file /workspace/xdg_config/git/credentials

Showing logs for build [32mcb-kubecd-bdd-ghfjxy-import-158-ldhw2-1[0m stage [32mrun-make[0m and container [32mstep-build-make-build[0m
CGO_ENABLED=0 GO15VENDOREXPERIMENT=1 go build -ldflags '' -o bin/bdd-ghf**y-import-1582823982 main.go

Showing logs for build [32mcb-kubecd-bdd-ghfjxy-import-158-ldhw2-1[0m stage [32mrun-make[0m and container [32mstep-source-mkdir-cb-kubecd-bdd-ghfjxy-import-158-ldhw2-8xpkg[0m
{"level":"warn","ts":1582824086.0757284,"logger":"fallback-logger","caller":"logging/config.go:69","msg":"Fetch GitHub commit ID from kodata failed: open /var/run/ko/HEAD: no such file or directory"}
{"level":"info","ts":1582824086.1344855,"logger":"fallback-logger","caller":"bash/main.go:64","msg":"Successfully executed command \"sh -c mkdir -p /pvc/run-make/workspace\"; output "}

Showing logs for build [32mcb-kubecd-bdd-ghfjxy-import-158-ldhw2-1[0m stage [32mrun-make[0m and container [32mstep-source-copy-cb-kubecd-bdd-ghfjxy-import-158-ldhw2-ppdhq[0m
{"level":"warn","ts":1582824086.5524971,"logger":"fallback-logger","caller":"logging/config.go:69","msg":"Fetch GitHub commit ID from kodata failed: open /var/run/ko/HEAD: no such file or directory"}
{"level":"info","ts":1582824086.5726824,"logger":"fallback-logger","caller":"bash/main.go:64","msg":"Successfully executed command \"sh -c cp -r source/. /pvc/run-make/workspace\"; output "}

Showing logs for build [32mcb-kubecd-bdd-ghfjxy-import-158-ldhw2-1[0m stage [32meverything-else[0m and container [32mstep-credential-initializer-r6cd4[0m
{"level":"warn","ts":1582824090.2598288,"logger":"fallback-logger","caller":"logging/config.go:69","msg":"Fetch GitHub commit ID from kodata failed: \"ref: refs/heads/0.8.0-**-support-backwards-incompats\" is not a valid GitHub commit ID"}
{"level":"info","ts":1582824090.2617116,"logger":"fallback-logger","caller":"creds-init/main.go:40","msg":"Credentials initialized."}

Showing logs for build [32mcb-kubecd-bdd-ghfjxy-import-158-ldhw2-1[0m stage [32meverything-else[0m and container [32mstep-working-dir-initializer-k4zzw[0m
{"level":"warn","ts":1582824090.9619389,"logger":"fallback-logger","caller":"logging/config.go:69","msg":"Fetch GitHub commit ID from kodata failed: open /var/run/ko/HEAD: no such file or directory"}
{"level":"info","ts":1582824090.9655504,"logger":"fallback-logger","caller":"bash/main.go:64","msg":"Successfully executed command \"sh -c mkdir -p /workspace/source\"; output "}

Showing logs for build [32mcb-kubecd-bdd-ghfjxy-import-158-ldhw2-1[0m stage [32meverything-else[0m and container [32mstep-place-tools[0m

Showing logs for build [32mcb-kubecd-bdd-ghfjxy-import-158-ldhw2-1[0m stage [32meverything-else[0m and container [32mstep-create-dir-workspace-dw2dw[0m
{"level":"warn","ts":1582824098.2971773,"logger":"fallback-logger","caller":"logging/config.go:69","msg":"Fetch GitHub commit ID from kodata failed: open /var/run/ko/HEAD: no such file or directory"}
{"level":"info","ts":1582824098.3041413,"logger":"fallback-logger","caller":"bash/main.go:64","msg":"Successfully executed command \"sh -c mkdir -p /workspace/source\"; output "}

Showing logs for build [32mcb-kubecd-bdd-ghfjxy-import-158-ldhw2-1[0m stage [32meverything-else[0m and container [32mstep-source-copy-workspace-r2d9n[0m
{"level":"warn","ts":1582824098.6195874,"logger":"fallback-logger","caller":"logging/config.go:69","msg":"Fetch GitHub commit ID from kodata failed: open /var/run/ko/HEAD: no such file or directory"}
{"level":"info","ts":1582824098.7796326,"logger":"fallback-logger","caller":"bash/main.go:64","msg":"Successfully executed command \"sh -c cp -r /pvc/run-make/workspace/. /workspace/source\"; output "}

Showing logs for build [32mcb-kubecd-bdd-ghfjxy-import-158-ldhw2-1[0m stage [32meverything-else[0m and container [32mstep-build-container-build[0m
[36mINFO[0m[0000] No base image, nothing to extract            
[36mINFO[0m[0000] cmd: EXPOSE                                  
[36mINFO[0m[0000] Adding exposed port: 8080/tcp                
[36mINFO[0m[0000] Using files from context: [/workspace/source/bin] 
[36mINFO[0m[0000] Skipping unpacking as no commands require it. 
[36mINFO[0m[0000] Taking snapshot of full filesystem...        
[36mINFO[0m[0000] EXPOSE 8080                                  
[36mINFO[0m[0000] cmd: EXPOSE                                  
[36mINFO[0m[0000] Adding exposed port: 8080/tcp                
[36mINFO[0m[0000] No files changed in this command, skipping snapshotting. 
[36mINFO[0m[0000] ENTRYPOINT ["/bdd-ghf**y-import-1582823982"] 
[36mINFO[0m[0000] No files changed in this command, skipping snapshotting. 
[36mINFO[0m[0000] Using files from context: [/workspace/source/bin] 
[36mINFO[0m[0000] COPY ./bin/ /                                
[36mINFO[0m[0000] Taking snapshot of files...                  
2020/02/27 17:21:43 pushed blob: sha256:c50b835bf2dddc08c24e14097532bdfc07883bcfad319e08c0f486a358f87423
2020/02/27 17:21:44 pushed blob: sha256:8f7be14f9e03a7c30b0d23e5f40d1027a4b7659c0838bbaf6365b22bb3a6a35c
2020/02/27 17:21:45 gcr.io/jenkins-x-bdd3/bdd-ghf**y-import-1582823982:0.0.1: digest: sha256:321f8003ebec4f2fb4aebea9fe188c90f7daa7e9fbe0a158471f8186c9b191bf size: 428

Showing logs for build [32mcb-kubecd-bdd-ghfjxy-import-158-ldhw2-1[0m stage [32meverything-else[0m and container [32mstep-build-post-build[0m
no CVE provider running in the current ** namespace so skip adding image to be analysed

Showing logs for build [32mcb-kubecd-bdd-ghfjxy-import-158-ldhw2-1[0m stage [32meverything-else[0m and container [32mstep-promote-changelog[0m
Converted /workspace/source to an unshallow repository
Generating change log from git ref 8b9d378cad8c64dba6c51874a983af195a2be64a => 3be01d88b2a046668ed722075802495687b121a7
Associating user x-0 in users.jenkins.io with email c**d-bot@cloudbees.com to git GitProvider user with login -0 as emails match
Adding label jenkins.io/git-github-userid=-0 to user x-0 in users.jenkins.io
WARNING: Failed to enrich commit 96d153c1f4868764920c63d2b2012cd341db01dd with issues: User.jenkins.io "x-0" is invalid: metadata.labels: Invalid value: "-0": a valid label must be an empty string or consist of alphanumeric characters, '-', '_' or '.', and must start and end with an alphanumeric character (e.g. 'MyValue',  or 'my_value',  or '12345', regex used for validation is '(([A-Za-z0-9][-A-Za-z0-9_.]*)?[A-Za-z0-9])?')
Associating user x-0 in users.jenkins.io with email c**d-bot@cloudbees.com to git GitProvider user with login -0 as emails match
Adding label jenkins.io/git-github-userid=-0 to user x-0 in users.jenkins.io
WARNING: Failed to enrich commit 96d153c1f4868764920c63d2b2012cd341db01dd with issues: User.jenkins.io "x-0" is invalid: metadata.labels: Invalid value: "-0": a valid label must be an empty string or consist of alphanumeric characters, '-', '_' or '.', and must start and end with an alphanumeric character (e.g. 'MyValue',  or 'my_value',  or '12345', regex used for validation is '(([A-Za-z0-9][-A-Za-z0-9_.]*)?[A-Za-z0-9])?')
Finding issues in commit messages using git format
WARNING: No release found for cb-kubecd/bdd-ghf**y-import-1582823982 and tag v0.0.1 so creating a new release
Updated the release information at https://github.com/cb-kubecd/bdd-ghf**y-import-1582823982/releases/tag/v0.0.1
generated: /workspace/source/charts/bdd-ghf**y-import-1582823982/templates/release.yaml
Created Release bdd-ghf**y-import-1582823982-0-0-1 resource in namespace **
Updating PipelineActivity cb-kubecd-bdd-ghf**y-import-1582823982-master-1 with version 0.0.1
Updated PipelineActivities cb-kubecd-bdd-ghf**y-import-1582823982-master-1 with release notes URL: https://github.com/cb-kubecd/bdd-ghf**y-import-1582823982/releases/tag/v0.0.1

Showing logs for build [32mcb-kubecd-bdd-ghfjxy-import-158-ldhw2-1[0m stage [32meverything-else[0m and container [32mstep-promote-helm-release[0m
WARNING: No $CHART_REPOSITORY defined so using the default value of: http://jenkins-x-chartmuseum:8080
Adding missing Helm repo: storage.googleapis.com https://storage.googleapis.com/chartmuseum.jenkins-x.io
WARNING: No secrets found on "helm/repos" due: reading the secret "helm/repos" from vault: no secret "helm/repos" not found in vault
Read credentials for https://storage.googleapis.com/chartmuseum.jenkins-x.io from vault helm/repos
Successfully added Helm repository storage.googleapis.com.
Adding missing Helm repo: jenkins-x-chartmuseum http://jenkins-x-chartmuseum:8080
WARNING: No secrets found on "helm/repos" due: reading the secret "helm/repos" from vault: no secret "helm/repos" not found in vault
Read credentials for http://jenkins-x-chartmuseum:8080 from vault helm/repos
Successfully added Helm repository jenkins-x-chartmuseum.
WARNING: No $CHART_REPOSITORY defined so using the default value of: http://jenkins-x-chartmuseum:8080
Uploading chart file bdd-ghf**y-import-1582823982-0.0.1.tgz to http://jenkins-x-chartmuseum:8080/api/charts
Received 201 response: {"saved":true}

Showing logs for build [32mcb-kubecd-bdd-ghfjxy-import-158-ldhw2-1[0m stage [32meverything-else[0m and container [32mstep-promote-jx-promote[0m
WARNING: prow based install so skip waiting for the merge of Pull Requests to go green as currently there is an issue with gettingstatuses from the PR, see https://github.com/jenkins-x/**/issues/2410
WARNING: No $CHART_REPOSITORY defined so using the default value of: http://jenkins-x-chartmuseum:8080
Promoting app bdd-ghf**y-import-1582823982 version 0.0.1 to namespace **-staging
WARNING: 
Created Pull Request: https://github.com/cb-kubecd/environment-pr-167-50-boot-gke-staging/pull/5
Added label updatebot to Pull Request https://github.com/cb-kubecd/environment-pr-167-50-boot-gke-staging/pull/5
got git provider status pending from PR https://github.com/cb-kubecd/environment-pr-167-50-boot-gke-staging/pull/5
got git provider status pending from PR https://github.com/cb-kubecd/environment-pr-167-50-boot-gke-staging/pull/5
got git provider status pending from PR https://github.com/cb-kubecd/environment-pr-167-50-boot-gke-staging/pull/5
got git provider status pending from PR https://github.com/cb-kubecd/environment-pr-167-50-boot-gke-staging/pull/5
got git provider status pending from PR https://github.com/cb-kubecd/environment-pr-167-50-boot-gke-staging/pull/5
Pull Request https://github.com/cb-kubecd/environment-pr-167-50-boot-gke-staging/pull/5 is merged at sha 32c154c2f04e297097e8681420e57eaf0e522a25
Pull Request merged but we are not waiting for the update pipeline to complete!
WARNING: Could not find the service URL in namespace **-staging for names bdd-ghf**y-import-1582823982, **-bdd-ghf**y-import-1582823982, **-staging-bdd-ghf**y-import-1582823982
